[debug] [2025-05-12T18:58:09.216Z] ----------------------------------------------------------------------
[debug] [2025-05-12T18:58:09.219Z] Command:       /nix/store/rbdrkcs5kkwpalxcd7c6bnm33lk2955n-nodejs-20.19.0/bin/node /nix/store/h4vwr7z06qfjp6g97is2nhmki2jfwlgd-firebase-tools-14.2.2/lib/node_modules/firebase-tools/lib/bin/firebase.js init hosting
[debug] [2025-05-12T18:58:09.219Z] CLI Version:   14.2.2
[debug] [2025-05-12T18:58:09.220Z] Platform:      linux
[debug] [2025-05-12T18:58:09.220Z] Node Version:  v20.19.0
[debug] [2025-05-12T18:58:09.220Z] Time:          Mon May 12 2025 18:58:09 GMT+0000 (Coordinated Universal Time)
[debug] [2025-05-12T18:58:09.220Z] ----------------------------------------------------------------------
[debug] 
[debug] [2025-05-12T18:58:09.227Z] > command requires scopes: ["email","openid","https://www.googleapis.com/auth/cloudplatformprojects.readonly","https://www.googleapis.com/auth/firebase","https://www.googleapis.com/auth/cloud-platform"]
[debug] [2025-05-12T18:58:09.227Z] > authorizing via signed-in user (hjobaid5@gmail.com)
[info] 
     ######## #### ########  ######## ########     ###     ######  ########
     ##        ##  ##     ## ##       ##     ##  ##   ##  ##       ##
     ######    ##  ########  ######   ########  #########  ######  ######
     ##        ##  ##    ##  ##       ##     ## ##     ##       ## ##
     ##       #### ##     ## ######## ########  ##     ##  ######  ########

You're about to initialize a Firebase project in this directory:

  /home/user/medical-herbs

[info] 
=== Project Setup
[info] 
[info] First, let's associate this project directory with a Firebase project.
[info] You can create multiple project aliases by running firebase use --add, 
[info] but for now we'll just set up a default project.
[info] 
[debug] [2025-05-12T18:58:11.745Z] Checked if tokens are valid: true, expires at: 1747079575301
[debug] [2025-05-12T18:58:11.746Z] Checked if tokens are valid: true, expires at: 1747079575301
[debug] [2025-05-12T18:58:11.751Z] >>> [apiv2][query] GET https://firebase.googleapis.com/v1beta1/projects pageSize=100
[debug] [2025-05-12T18:58:12.241Z] <<< [apiv2][status] GET https://firebase.googleapis.com/v1beta1/projects 200
[debug] [2025-05-12T18:58:12.242Z] <<< [apiv2][body] GET https://firebase.googleapis.com/v1beta1/projects [omitted]
[info] i  Using project medical-herbs-e60d3 (Medical Herbs) 
[info] 
=== Hosting Setup
[debug] [2025-05-12T18:58:13.727Z] Checked if tokens are valid: true, expires at: 1747079575301
[debug] [2025-05-12T18:58:13.728Z] Checked if tokens are valid: true, expires at: 1747079575301
[debug] [2025-05-12T18:58:13.728Z] >>> [apiv2][query] GET https://firebase.googleapis.com/v1beta1/projects/medical-herbs-e60d3 [none]
[debug] [2025-05-12T18:58:13.952Z] <<< [apiv2][status] GET https://firebase.googleapis.com/v1beta1/projects/medical-herbs-e60d3 200
[debug] [2025-05-12T18:58:13.952Z] <<< [apiv2][body] GET https://firebase.googleapis.com/v1beta1/projects/medical-herbs-e60d3 {"projectId":"medical-herbs-e60d3","projectNumber":"776591366951","displayName":"Medical Herbs","name":"projects/medical-herbs-e60d3","resources":{"hostingSite":"medical-herbs-e60d3"},"state":"ACTIVE","etag":"1_fad35e5e-ed85-411b-a124-62a2a58b22a8"}
